raco test: (submod "Admin/test-ref-on-players.rkt" test)
raco test: @(test-responsible '(matthias))
(player4 did WIN)
(player3 did WIN)
(player1 did LOSE)
(player0 did LOSE)
(player5 did LOSE)
(player2 did LOSE)
(player7 did LOSE)
(player6 did LOSE)
(player4 placed first)
(player3 placed first)
(player1 placed second)
(player0 placed second)
(player5 placed second)
(player2 placed second)
(player7 placed third)
(player6 placed third)
(player4 did WIN)
(player7 did LOSE)
(player6 did LOSE)
(player3 did LOSE)
(player2 did LOSE)
(player1 did LOSE)
(player0 did LOSE)
(player5 did LOSE)
(player4 placed first)
(player7 placed second)
(player6 placed second)
(player3 placed third)
(player2 placed third)
(player1 placed third)
(player0 placed third)
(player5 placed third)
(player2 did WIN)
(player3 did LOSE)
(player1 did LOSE)
(player0 did LOSE)
(player7 did LOSE)
(player6 did LOSE)
(player5 did LOSE)
(player4 did LOSE)
(player2 placed first)
(player3 placed second)
(player1 placed second)
(player0 placed second)
(player7 placed second)
(player6 placed second)
(player5 placed second)
(player4 placed second)
(player0 did WIN)
(player4 did LOSE)
(player3 did LOSE)
(player6 did LOSE)
(player5 did LOSE)
(player1 did LOSE)
(player7 did LOSE)
(player2 did LOSE)
(player0 placed first)
(player4 placed second)
(player3 placed second)
(player6 placed third)
(player5 placed third)
(player1 placed 4th)
(player7 placed 4th)
(player2 placed 4th)
(player2 did WIN)
(player3 did LOSE)
(player1 did LOSE)
(player0 did LOSE)
(player7 did LOSE)
(player5 did LOSE)
(player4 did LOSE)
(player6 did LOSE)
(player2 placed first)
(player3 placed second)
(player1 placed second)
(player0 placed second)
(player7 placed second)
(player5 placed second)
(player4 placed second)
(player6 placed third)
